<?xml version="1.0" encoding="UTF-8" ?>
<testsuite failures="0" time="0.019" errors="0" skipped="0" tests="1" name="skeleton.AppTest">
  <properties>
    <property name="java.runtime.name" value="Java(TM) SE Runtime Environment"/>
    <property name="sun.boot.library.path" value="C:\Program Files\Java\jdk1.6.0_33\jre\bin"/>
    <property name="java.vm.version" value="20.8-b03"/>
    <property name="java.vm.vendor" value="Sun Microsystems Inc."/>
    <property name="java.vendor.url" value="http://java.sun.com/"/>
    <property name="path.separator" value=";"/>
    <property name="java.vm.name" value="Java HotSpot(TM) 64-Bit Server VM"/>
    <property name="file.encoding.pkg" value="sun.io"/>
    <property name="user.country" value="GB"/>
    <property name="sun.java.launcher" value="SUN_STANDARD"/>
    <property name="sun.os.patch.level" value=""/>
    <property name="java.vm.specification.name" value="Java Virtual Machine Specification"/>
    <property name="user.dir" value="C:\Users\Georgina\Documents\GitHub\walking-skeleton-solution\skeleton"/>
    <property name="java.runtime.version" value="1.6.0_33-b03"/>
    <property name="java.awt.graphicsenv" value="sun.awt.Win32GraphicsEnvironment"/>
    <property name="basedir" value="C:\Users\Georgina\Documents\GitHub\walking-skeleton-solution\skeleton"/>
    <property name="java.endorsed.dirs" value="C:\Program Files\Java\jdk1.6.0_33\jre\lib\endorsed"/>
    <property name="os.arch" value="amd64"/>
    <property name="surefire.real.class.path" value="C:\Users\Georgina\Documents\GitHub\walking-skeleton-solution\skeleton\target\surefire\surefirebooter5953625218280066979.jar"/>
    <property name="java.io.tmpdir" value="C:\DevTools\cygwin64\tmp\"/>
    <property name="line.separator" value="
"/>
    <property name="java.vm.specification.vendor" value="Sun Microsystems Inc."/>
    <property name="user.variant" value=""/>
    <property name="os.name" value="Windows 7"/>
    <property name="sun.jnu.encoding" value="Cp1252"/>
    <property name="java.library.path" value="C:\Program Files\Java\jdk1.6.0_33\jre\bin;C:\Windows\Sun\Java\bin;C:\Windows\system32;C:\Windows;C:\DevTools\cygwin64\home\Georgina\.gvm\vertx\current\bin;C:\DevTools\cygwin64\home\Georgina\.gvm\springboot\current\bin;C:\DevTools\cygwin64\home\Georgina\.gvm\lazybones\current\bin;C:\DevTools\cygwin64\home\Georgina\.gvm\groovyserv\current\bin;C:\DevTools\cygwin64\home\Georgina\.gvm\groovy\2.2.1\bin;C:\DevTools\cygwin64\home\Georgina\.gvm\griffon\current\bin;C:\DevTools\cygwin64\home\Georgina\.gvm\grails\current\bin;C:\DevTools\cygwin64\home\Georgina\.gvm\gradle\1.10\bin;C:\DevTools\cygwin64\home\Georgina\.gvm\gaiden\current\bin;C:\DevTools\cygwin64\usr\local\bin;C:\DevTools\cygwin64\bin;C:\Program Files\HP_Fortify\HP_Fortify_SCA_and_Apps_4.00\bin;C:\Program Files (x86)\PC Connectivity Solution;C:\Windows\system32;C:\Windows;C:\Windows\System32\Wbem;C:\Windows\System32\WindowsPowerShell\v1.0;C:\Program Files\WIDCOMM\Bluetooth Software;C:\Program Files\WIDCOMM\Bluetooth Software\syswow64;C:\Program Files (x86)\ATI Technologies\ATI.ACE\Core-Static;C:\Program Files (x86)\Common Files\Roxio Shared\10.0\DLLShared;C:\Program Files (x86)\Common Files\Roxio Shared\DLLShared;C:\Program Files\Maven\apache-maven-3.0.3\bin;C:\Program Files\Java\jdk1.6.0_33\bin ;C:\Program Files\pl\bin;C:\Program Files\scala-2.9.1-1\bin;C:\Program Files (x86)\Git\cmd;C:\Program Files\erl5.10.3\bin;C:\Program Files\Java\jdk1.6.0_33\bin;C:\Program Files (x86)\Git\bin;C:\Program Files (x86)\RabbitMQ Server\rabbitmq_server-3.1.5\sbin;C:\DevTools\apache-ant-1.9.0-bin\apache-ant-1.9.0\bin;C:\Program Files\nodejs;C:\Program Files (x86)\QuickTime\QTSystem;C:\Users\Georgina\AppData\Roaming\npm;."/>
    <property name="surefire.test.class.path" value="C:\Users\Georgina\Documents\GitHub\walking-skeleton-solution\skeleton\target\test-classes;C:\Users\Georgina\Documents\GitHub\walking-skeleton-solution\skeleton\target\classes;C:\DevWork\mavenRepo\junit\junit\3.8.1\junit-3.8.1.jar;"/>
    <property name="java.specification.name" value="Java Platform API Specification"/>
    <property name="java.class.version" value="50.0"/>
    <property name="sun.management.compiler" value="HotSpot 64-Bit Tiered Compilers"/>
    <property name="os.version" value="6.1"/>
    <property name="user.home" value="C:\Users\Georgina"/>
    <property name="user.timezone" value=""/>
    <property name="java.awt.printerjob" value="sun.awt.windows.WPrinterJob"/>
    <property name="java.specification.version" value="1.6"/>
    <property name="file.encoding" value="Cp1252"/>
    <property name="user.name" value="Georgina"/>
    <property name="java.class.path" value="C:\Users\Georgina\Documents\GitHub\walking-skeleton-solution\skeleton\target\test-classes;C:\Users\Georgina\Documents\GitHub\walking-skeleton-solution\skeleton\target\classes;C:\DevWork\mavenRepo\junit\junit\3.8.1\junit-3.8.1.jar;"/>
    <property name="java.vm.specification.version" value="1.0"/>
    <property name="sun.arch.data.model" value="64"/>
    <property name="java.home" value="C:\Program Files\Java\jdk1.6.0_33\jre"/>
    <property name="sun.java.command" value="C:\Users\Georgina\Documents\GitHub\walking-skeleton-solution\skeleton\target\surefire\surefirebooter5953625218280066979.jar C:\Users\Georgina\Documents\GitHub\walking-skeleton-solution\skeleton\target\surefire\surefire1398030231235297307tmp C:\Users\Georgina\Documents\GitHub\walking-skeleton-solution\skeleton\target\surefire\surefire6092208953334297844tmp"/>
    <property name="java.specification.vendor" value="Sun Microsystems Inc."/>
    <property name="user.language" value="en"/>
    <property name="awt.toolkit" value="sun.awt.windows.WToolkit"/>
    <property name="java.vm.info" value="mixed mode"/>
    <property name="java.version" value="1.6.0_33"/>
    <property name="java.ext.dirs" value="C:\Program Files\Java\jdk1.6.0_33\jre\lib\ext;C:\Windows\Sun\Java\lib\ext"/>
    <property name="sun.boot.class.path" value="C:\Program Files\Java\jdk1.6.0_33\jre\lib\resources.jar;C:\Program Files\Java\jdk1.6.0_33\jre\lib\rt.jar;C:\Program Files\Java\jdk1.6.0_33\jre\lib\sunrsasign.jar;C:\Program Files\Java\jdk1.6.0_33\jre\lib\jsse.jar;C:\Program Files\Java\jdk1.6.0_33\jre\lib\jce.jar;C:\Program Files\Java\jdk1.6.0_33\jre\lib\charsets.jar;C:\Program Files\Java\jdk1.6.0_33\jre\lib\modules\jdk.boot.jar;C:\Program Files\Java\jdk1.6.0_33\jre\classes"/>
    <property name="java.vendor" value="Sun Microsystems Inc."/>
    <property name="localRepository" value="C:\DevWork\mavenRepo"/>
    <property name="file.separator" value="\"/>
    <property name="java.vendor.url.bug" value="http://java.sun.com/cgi-bin/bugreport.cgi"/>
    <property name="sun.cpu.endian" value="little"/>
    <property name="sun.io.unicode.encoding" value="UnicodeLittle"/>
    <property name="sun.desktop" value="windows"/>
    <property name="sun.cpu.isalist" value="amd64"/>
  </properties>
  <testcase time="0.002" classname="skeleton.AppTest" name="testApp"/>
</testsuite>